usage: nmt.py [-h] [--num_units NUM_UNITS] [--num_layers NUM_LAYERS]
              [--encoder_type ENCODER_TYPE] [--residual [RESIDUAL]]
              [--time_major [TIME_MAJOR]]
              [--num_embeddings_partitions NUM_EMBEDDINGS_PARTITIONS]
              [--attention ATTENTION]
              [--attention_architecture ATTENTION_ARCHITECTURE]
              [--output_attention [OUTPUT_ATTENTION]]
              [--pass_hidden_state [PASS_HIDDEN_STATE]]
              [--optimizer OPTIMIZER] [--learning_rate LEARNING_RATE]
              [--warmup_steps WARMUP_STEPS] [--warmup_scheme WARMUP_SCHEME]
              [--start_decay_step START_DECAY_STEP]
              [--decay_steps DECAY_STEPS] [--decay_factor DECAY_FACTOR]
              [--learning_rate_decay_scheme LEARNING_RATE_DECAY_SCHEME]
              [--num_train_steps NUM_TRAIN_STEPS]
              [--colocate_gradients_with_ops [COLOCATE_GRADIENTS_WITH_OPS]]
              [--init_op INIT_OP] [--init_weight INIT_WEIGHT] [--src SRC]
              [--tgt TGT] [--train_prefix TRAIN_PREFIX]
              [--dev_prefix DEV_PREFIX] [--test_prefix TEST_PREFIX]
              [--out_dir OUT_DIR] [--vocab_prefix VOCAB_PREFIX] [--sos SOS]
              [--eos EOS] [--share_vocab [SHARE_VOCAB]]
              [--check_special_token CHECK_SPECIAL_TOKEN]
              [--src_max_len SRC_MAX_LEN] [--tgt_max_len TGT_MAX_LEN]
              [--src_max_len_infer SRC_MAX_LEN_INFER]
              [--tgt_max_len_infer TGT_MAX_LEN_INFER] [--unit_type UNIT_TYPE]
              [--forget_bias FORGET_BIAS] [--dropout DROPOUT]
              [--max_gradient_norm MAX_GRADIENT_NORM]
              [--source_reverse [SOURCE_REVERSE]] [--batch_size BATCH_SIZE]
              [--steps_per_stats STEPS_PER_STATS] [--max_train MAX_TRAIN]
              [--num_buckets NUM_BUCKETS] [--subword_option {,bpe,spm}]
              [--num_gpus NUM_GPUS]
              [--log_device_placement [LOG_DEVICE_PLACEMENT]]
              [--metrics METRICS]
              [--steps_per_external_eval STEPS_PER_EXTERNAL_EVAL]
              [--scope SCOPE] [--hparams_path HPARAMS_PATH]
              [--random_seed RANDOM_SEED]
              [--override_loaded_hparams [OVERRIDE_LOADED_HPARAMS]]
              [--ckpt CKPT] [--inference_input_file INFERENCE_INPUT_FILE]
              [--inference_list INFERENCE_LIST]
              [--infer_batch_size INFER_BATCH_SIZE]
              [--inference_output_file INFERENCE_OUTPUT_FILE]
              [--inference_ref_file INFERENCE_REF_FILE]
              [--beam_width BEAM_WIDTH]
              [--length_penalty_weight LENGTH_PENALTY_WEIGHT]
              [--num_translations_per_input NUM_TRANSLATIONS_PER_INPUT]
              [--jobid JOBID] [--num_workers NUM_WORKERS]
nmt.py: error: argument --subword_option: invalid choice: 'spmpython' (choose from '', 'bpe', 'spm')
